生成启动时间为 2016/5/18 21:12:16。
     1>项目“F:\lab\c\alg\ch4\Huffman\Huffman\Huffman.vcxproj”在节点 2 上(build 个目标)。
     1>InitializeBuildStatus:
         正在对“Debug\Huffman.unsuccessfulbuild”执行 Touch 任务。
       ClCompile:
         d:\Program Files (x86)\Microsoft Visual Studio 10.0\VC\bin\CL.exe /c /ZI /nologo /W3 /WX- /Od /Oy- /D WIN32 /D _DEBUG /D _CONSOLE /D _UNICODE /D UNICODE /Gm /EHsc /RTC1 /MDd /GS /fp:precise /Zc:wchar_t /Zc:forScope /Fo"Debug\\" /Fd"Debug\vc100.pdb" /Gd /TP /analyze- /errorReport:prompt Huffman.cpp
         Huffman.cpp
       ManifestResourceCompile:
         所有输出均为最新。
       Link:
         d:\Program Files (x86)\Microsoft Visual Studio 10.0\VC\bin\link.exe /ERRORREPORT:PROMPT /OUT:"F:\lab\c\alg\ch4\Huffman\Debug\Huffman.exe" /INCREMENTAL /NOLOGO kernel32.lib user32.lib gdi32.lib winspool.lib comdlg32.lib advapi32.lib shell32.lib ole32.lib oleaut32.lib uuid.lib odbc32.lib odbccp32.lib /MANIFEST /ManifestFile:"Debug\Huffman.exe.intermediate.manifest" /MANIFESTUAC:"level='asInvoker' uiAccess='false'" /DEBUG /PDB:"F:\lab\c\alg\ch4\Huffman\Debug\Huffman.pdb" /SUBSYSTEM:CONSOLE /TLBID:1 /DYNAMICBASE /NXCOMPAT /IMPLIB:"F:\lab\c\alg\ch4\Huffman\Debug\Huffman.lib" /MACHINE:X86 Debug\Huffman.exe.embed.manifest.res
         Debug\Huffman.obj
         Debug\stdafx.obj
       Manifest:
         C:\Program Files (x86)\Microsoft SDKs\Windows\v7.0A\bin\mt.exe /nologo /verbose /out:"Debug\Huffman.exe.embed.manifest" /manifest Debug\Huffman.exe.intermediate.manifest
         所有输出均为最新。
       LinkEmbedManifest:
         所有输出均为最新。
         Huffman.vcxproj -> F:\lab\c\alg\ch4\Huffman\Debug\Huffman.exe
       FinalizeBuildStatus:
         正在删除文件“Debug\Huffman.unsuccessfulbuild”。
         正在对“Debug\Huffman.lastbuildstate”执行 Touch 任务。
     1>已完成生成项目“F:\lab\c\alg\ch4\Huffman\Huffman\Huffman.vcxproj”(build 个目标)的操作。

生成成功。

已用时间 00:00:01.08
